<?xml version="1.0" encoding="UTF-8"?>
<!-- Generated by org.testng.reporters.JUnitXMLReporter -->
<testsuite ignored="0" hostname="Lux-PC" failures="0" tests="5" name="Task 2" time="62.35" errors="0" timestamp="30 Jun 2022 05:38:32 GMT">
  <testcase classname="Test.TaskII" name="Test1" time="18.648"/>
  <testcase classname="Test.TaskII" name="Test2" time="5.159"/>
  <testcase classname="Test.TaskII" name="Test3" time="0.0">
    <skipped/>
  </testcase> <!-- Test3 -->
  <testcase classname="Test.TaskII" name="Test4" time="16.988"/>
  <testcase classname="Test.TaskII" name="Test4" time="15.444"/>
</testsuite> <!-- Task 2 -->
