<?xml version="1.0" encoding="UTF-8"?>
<!-- Generated by org.testng.reporters.JUnitXMLReporter -->
<testsuite ignored="3" hostname="Lux-PC" failures="0" tests="1" name="Surefire test" time="39.462" errors="0" timestamp="30 Jun 2022 05:54:01 GMT">
  <testcase classname="Test.TaskII" name="Test1" time="33.466"/>
  <testcase classname="Test.TaskII" name="Test2" time="0.0">
    <ignored/>
  </testcase> <!-- Test2 -->
  <testcase classname="Test.TaskII" name="Test3" time="0.0">
    <ignored/>
  </testcase> <!-- Test3 -->
  <testcase classname="Test.TaskII" name="Test4" time="0.0">
    <ignored/>
  </testcase> <!-- Test4 -->
</testsuite> <!-- Surefire test -->
