<?xml version="1.0" encoding="UTF-8"?>
<!-- Generated by org.testng.reporters.JUnitXMLReporter -->
<testsuite hostname="LAPTOP-AT8IBCIK" ignored="0" name="Default test" tests="6" failures="0" timestamp="14 Feb 2021 21:03:33 GMT" time="91.639" errors="0">
  <testcase name="Test1" time="20.087" classname="Test.TaskII"/>
  <testcase name="Test2" time="4.673" classname="Test.TaskII"/>
  <testcase name="Test3" time="15.13" classname="Test.TaskII"/>
  <testcase name="Test3" time="14.648" classname="Test.TaskII"/>
  <testcase name="Test4" time="14.098" classname="Test.TaskII"/>
  <testcase name="Test4" time="14.261" classname="Test.TaskII"/>
</testsuite> <!-- Default test -->
