<?xml version="1.0" encoding="UTF-8"?>
<testng-results ignored="3" total="4" passed="1" failed="0" skipped="0">
  <reporter-output>
  </reporter-output>
  <suite started-at="2022-06-30T05:53:22Z" name="Surefire suite" finished-at="2022-06-30T05:54:01Z" duration-ms="39462">
    <groups>
    </groups>
    <test started-at="2022-06-30T05:53:22Z" name="Surefire test" finished-at="2022-06-30T05:54:01Z" duration-ms="39462">
      <class name="Test.TaskII">
        <test-method is-config="true" signature="setUpTest()[pri:0, instance:Test.TaskII@11758f2a]" started-at="2022-06-30T07:53:22Z" name="setUpTest" finished-at="2022-06-30T07:53:25Z" duration-ms="3074" status="PASS">
          <reporter-output>
          </reporter-output>
        </test-method> <!-- setUpTest -->
        <test-method is-config="true" signature="setUpClass()[pri:0, instance:Test.TaskII@11758f2a]" started-at="2022-06-30T07:53:25Z" name="setUpClass" finished-at="2022-06-30T07:53:26Z" duration-ms="635" status="PASS">
          <reporter-output>
          </reporter-output>
        </test-method> <!-- setUpClass -->
        <test-method signature="Test1()[pri:0, instance:Test.TaskII@11758f2a]" started-at="2022-06-30T07:53:26Z" name="Test1" finished-at="2022-06-30T07:53:59Z" duration-ms="33466" status="PASS">
          <reporter-output>
          </reporter-output>
        </test-method> <!-- Test1 -->
        <test-method is-config="true" signature="tearDownClass()[pri:0, instance:Test.TaskII@11758f2a]" started-at="2022-06-30T07:53:59Z" name="tearDownClass" finished-at="2022-06-30T07:53:59Z" duration-ms="365" status="PASS">
          <reporter-output>
          </reporter-output>
        </test-method> <!-- tearDownClass -->
        <test-method is-config="true" signature="tearDownTest()[pri:0, instance:Test.TaskII@11758f2a]" started-at="2022-06-30T07:53:59Z" name="tearDownTest" finished-at="2022-06-30T07:54:01Z" duration-ms="1872" status="PASS">
          <reporter-output>
          </reporter-output>
        </test-method> <!-- tearDownTest -->
      </class> <!-- Test.TaskII -->
    </test> <!-- Surefire test -->
  </suite> <!-- Surefire suite -->
</testng-results>
