<?xml version="1.0" encoding="UTF-8"?>
<testsuite xmlns:xsi="http://www.w3.org/2001/XMLSchema-instance" xsi:schemaLocation="https://maven.apache.org/surefire/maven-surefire-plugin/xsd/surefire-test-report.xsd" name="TestSuite" time="87.091" tests="9" errors="0" skipped="0" failures="0">
  <properties>
[...]
</properties>
  <testcase name="Test1" classname="Test.TaskI" time="3.063"/>
  <testcase name="Test2" classname="Test.TaskI" time="1.092"/>
  <testcase name="Test3" classname="Test.TaskI" time="0.894"/>
  <testcase name="Test1" classname="Test.TaskII" time="8.86"/>
  <testcase name="Test2" classname="Test.TaskII" time="4.637"/>
  <testcase name="Test3" classname="Test.TaskII" time="15.363"/>
  <testcase name="Test3" classname="Test.TaskII" time="15.339"/>
  <testcase name="Test4" classname="Test.TaskII" time="14.196"/>
  <testcase name="Test4" classname="Test.TaskII" time="14.043"/>
</testsuite>