<?xml version="1.0" encoding="UTF-8"?>
<testsuite xmlns:xsi="http://www.w3.org/2001/XMLSchema-instance" xsi:schemaLocation="https://maven.apache.org/surefire/maven-surefire-plugin/xsd/surefire-test-report.xsd" name="TestSuite" time="69.209" tests="8" errors="0" skipped="1" failures="0">
  <properties>
[...]
</properties>
  <testcase name="Test1" classname="Test.TaskI" time="3.017"/>
  <testcase name="Test2" classname="Test.TaskI" time="1.675"/>
  <testcase name="Test3" classname="Test.TaskI" time="0.457"/>
  <testcase name="Test1" classname="Test.TaskII" time="18.636"/>
  <testcase name="Test2" classname="Test.TaskII" time="5.159"/>
  <testcase name="Test3" classname="Test.TaskII" time="0">
    <skipped message="java.lang.NoSuchMethodError: &apos;void org.apache.poi.util.POILogger.log(int, java.lang.Object, java.lang.Throwable)&apos;"/>
    <system-err><![CDATA[[Error] java.lang.NoSuchMethodError: &apos;void org.apache.poi.util.POILogger.log(int, java.lang.Object, java.lang.Throwable)&apos;
	at org.apache.poi.util.DocumentHelper.trySetXercesSecurityManager(DocumentHelper.java:125)
	at org.apache.poi.util.DocumentHelper.&lt;clinit&gt;(DocumentHelper.java:98)
	at org.apache.poi.openxml4j.opc.internal.ContentTypeManager.parseContentTypesFile(ContentTypeManager.java:374)
	at org.apache.poi.openxml4j.opc.internal.ContentTypeManager.&lt;init&gt;(ContentTypeManager.java:100)
	at org.apache.poi.openxml4j.opc.internal.ZipContentTypeManager.&lt;init&gt;(ZipContentTypeManager.java:54)
	at org.apache.poi.openxml4j.opc.ZipPackage.getPartsImpl(ZipPackage.java:257)
	at org.apache.poi.openxml4j.opc.OPCPackage.getParts(OPCPackage.java:774)
	at org.apache.poi.openxml4j.opc.OPCPackage.open(OPCPackage.java:344)
	at org.apache.poi.util.PackageHelper.open(PackageHelper.java:37)
	at org.apache.poi.xssf.usermodel.XSSFWorkbook.&lt;init&gt;(XSSFWorkbook.java:285)
	at Utility.GeneralUtility.getTestData(GeneralUtility.java:37)
	at Test.TaskII.getTestData(TaskII.java:74)
	at java.base/jdk.internal.reflect.NativeMethodAccessorImpl.invoke0(Native Method)
	at java.base/jdk.internal.reflect.NativeMethodAccessorImpl.invoke(NativeMethodAccessorImpl.java:77)
	at java.base/jdk.internal.reflect.DelegatingMethodAccessorImpl.invoke(DelegatingMethodAccessorImpl.java:43)
	at java.base/java.lang.reflect.Method.invoke(Method.java:568)
	at org.testng.internal.MethodInvocationHelper.invokeMethod(MethodInvocationHelper.java:104)
	at org.testng.internal.MethodInvocationHelper.invokeMethod(MethodInvocationHelper.java:55)
	at org.testng.internal.MethodInvocationHelper.invokeMethodNoCheckedException(MethodInvocationHelper.java:45)
	at org.testng.internal.MethodInvocationHelper.invokeDataProvider(MethodInvocationHelper.java:111)
	at org.testng.internal.Parameters.handleParameters(Parameters.java:509)
	at org.testng.internal.Invoker.handleParameters(Invoker.java:1293)
	at org.testng.internal.Invoker.createParameters(Invoker.java:1020)
	at org.testng.internal.Invoker.invokeTestMethods(Invoker.java:1110)
	at org.testng.internal.TestMethodWorker.invokeTestMethods(TestMethodWorker.java:129)
	at org.testng.internal.TestMethodWorker.run(TestMethodWorker.java:112)
	at org.testng.TestRunner.privateRun(TestRunner.java:756)
	at org.testng.TestRunner.run(TestRunner.java:610)
	at org.testng.SuiteRunner.runTest(SuiteRunner.java:387)
	at org.testng.SuiteRunner.runSequentially(SuiteRunner.java:382)
	at org.testng.SuiteRunner.privateRun(SuiteRunner.java:340)
	at org.testng.SuiteRunner.run(SuiteRunner.java:289)
	at org.testng.SuiteRunnerWorker.runSuite(SuiteRunnerWorker.java:52)
	at org.testng.SuiteRunnerWorker.run(SuiteRunnerWorker.java:86)
	at org.testng.TestNG.runSuitesSequentially(TestNG.java:1293)
	at org.testng.TestNG.runSuitesLocally(TestNG.java:1218)
	at org.testng.TestNG.runSuites(TestNG.java:1133)
	at org.testng.TestNG.run(TestNG.java:1104)
	at org.apache.maven.surefire.testng.TestNGExecutor.run(TestNGExecutor.java:281)
	at org.apache.maven.surefire.testng.TestNGXmlTestSuite.execute(TestNGXmlTestSuite.java:75)
	at org.apache.maven.surefire.testng.TestNGProvider.invoke(TestNGProvider.java:121)
	at org.apache.maven.surefire.booter.ForkedBooter.invokeProviderInSameClassLoader(ForkedBooter.java:290)
	at org.apache.maven.surefire.booter.ForkedBooter.runSuitesInProcess(ForkedBooter.java:242)
	at org.apache.maven.surefire.booter.ForkedBooter.main(ForkedBooter.java:121)

]]></system-err>
  </testcase>
  <testcase name="Test4" classname="Test.TaskII" time="16.99"/>
  <testcase name="Test4" classname="Test.TaskII" time="15.445"/>
</testsuite>