<?xml version="1.0" encoding="UTF-8"?>
<!-- Generated by org.testng.reporters.JUnitXMLReporter -->
<testsuite hostname="LAPTOP-AT8IBCIK" ignored="0" name="Task 2" tests="6" failures="0" timestamp="14 Feb 2021 20:50:55 GMT" time="111.183" errors="0">
  <testcase name="Test1" time="8.096" classname="Test.TaskII"/>
  <testcase name="Test2" time="4.763" classname="Test.TaskII"/>
  <testcase name="Test3" time="15.067" classname="Test.TaskII"/>
  <testcase name="Test3" time="15.082" classname="Test.TaskII"/>
  <testcase name="Test4" time="30.048" classname="Test.TaskII"/>
  <testcase name="Test4" time="29.912" classname="Test.TaskII"/>
</testsuite> <!-- Task 2 -->
